[2025-09-06T10:12:35.686904+00:00] magephp.DEBUG: Environment: ekb [] []
[2025-09-06T10:12:35.688027+00:00] magephp.DEBUG: Release ID: 20250906101235 [] []
[2025-09-06T10:12:35.688189+00:00] magephp.DEBUG: Running task [Deploy] Preparing Tar file (deploy/tar/prepare) [] []
[2025-09-06T10:12:35.688960+00:00] magephp.INFO: tar cfzp /private/var/folders/xn/_15sld4n1r38v6xc7hstd0sw0000gn/T/mage2gh897a72j0adpGjiaJ --exclude=".git" --exclude=".git" --exclude=".github" --exclude=".idea" --exclude=".DS_Store" --exclude=".mage" --exclude=".gitattributes" --exclude=".gitignore" --exclude=".env.*" --exclude=".env" --exclude="storage" --exclude=".editorconfig" --exclude=".gitattributes" --exclude=".gitignore" --exclude=".php_cs" --exclude="phpcs.xml" --exclude="phpunit.xml" --exclude="README.MD" --exclude="SECURITY.md" --exclude="package.json" --exclude="package-lock.json" --exclude="LICENSE.md" --exclude="CHANGELOG.md" --exclude=".mage.yml" --exclude=".jshintrc" --exclude=".babelrc" --exclude=".php_cs.cache" --exclude=".phpstorm.meta.php" --exclude=".travis.yml" --exclude="_ide_helper.php" --exclude="/server.php" --exclude="/vendor" --exclude="node_modules" --exclude="/webpack.config.js" --exclude="/webpack.mix.js" --exclude=".styleci.yml" --exclude="tests" --exclude=".mage" ./ [] []
[2025-09-06T10:12:42.078919+00:00] magephp.DEBUG:  [] []
[2025-09-06T10:12:42.079659+00:00] magephp.DEBUG: Task [Deploy] Preparing Tar file (deploy/tar/prepare) finished with OK [] []
[2025-09-06T10:12:42.079796+00:00] magephp.DEBUG: Running task [Release] Preparing Release (deploy/release/prepare) [] []
[2025-09-06T10:12:42.079864+00:00] magephp.INFO: ssh -p 22 -q -o UserKnownHostsFile=/dev/null -o StrictHostKeyChecking=no design24_niko@design24.beget.tech "mkdir -p /home/d/design24/vk.na-ekb/releases/20250906101235" [] []
[2025-09-06T10:12:43.043979+00:00] magephp.DEBUG:  [] []
[2025-09-06T10:12:43.044260+00:00] magephp.DEBUG: Task [Release] Preparing Release (deploy/release/prepare) finished with OK [] []
[2025-09-06T10:12:43.044356+00:00] magephp.DEBUG: Running task [Deploy] Copying files with Tar (deploy/tar/copy) [] []
[2025-09-06T10:12:43.044454+00:00] magephp.INFO: scp -P 22 -q -o UserKnownHostsFile=/dev/null -o StrictHostKeyChecking=no /private/var/folders/xn/_15sld4n1r38v6xc7hstd0sw0000gn/T/mage2gh897a72j0adpGjiaJ design24_niko@design24.beget.tech:/home/d/design24/vk.na-ekb/releases/20250906101235/mage2gh897a72j0adpGjiaJ [] []
[2025-09-06T10:12:50.343691+00:00] magephp.DEBUG:  [] []
[2025-09-06T10:12:50.344263+00:00] magephp.INFO: ssh -p 22 -q -o UserKnownHostsFile=/dev/null -o StrictHostKeyChecking=no design24_niko@design24.beget.tech "cd /home/d/design24/vk.na-ekb/releases/20250906101235 && tar xfzop mage2gh897a72j0adpGjiaJ" [] []
[2025-09-06T10:12:53.209012+00:00] magephp.DEBUG:  [] []
[2025-09-06T10:12:53.209218+00:00] magephp.INFO: ssh -p 22 -q -o UserKnownHostsFile=/dev/null -o StrictHostKeyChecking=no design24_niko@design24.beget.tech "rm /home/d/design24/vk.na-ekb/releases/20250906101235/mage2gh897a72j0adpGjiaJ" [] []
[2025-09-06T10:12:54.194732+00:00] magephp.DEBUG:  [] []
[2025-09-06T10:12:54.194984+00:00] magephp.DEBUG: Task [Deploy] Copying files with Tar (deploy/tar/copy) finished with OK [] []
[2025-09-06T10:12:54.195138+00:00] magephp.DEBUG: Running task [FS] Remove "./storage" (fs/remove) [] []
[2025-09-06T10:12:54.195237+00:00] magephp.INFO: ssh -p 22 -q -o UserKnownHostsFile=/dev/null -o StrictHostKeyChecking=no design24_niko@design24.beget.tech "cd /home/d/design24/vk.na-ekb/releases/20250906101235 && rm -rf \"./storage\"" [] []
[2025-09-06T10:12:55.173095+00:00] magephp.DEBUG:  [] []
[2025-09-06T10:12:55.173321+00:00] magephp.DEBUG: Task [FS] Remove "./storage" (fs/remove) finished with OK [] []
[2025-09-06T10:12:55.173437+00:00] magephp.DEBUG: Running task [FS] Link "../../storage" to "./storage" (fs/link) [] []
[2025-09-06T10:12:55.173520+00:00] magephp.INFO: ssh -p 22 -q -o UserKnownHostsFile=/dev/null -o StrictHostKeyChecking=no design24_niko@design24.beget.tech "cd /home/d/design24/vk.na-ekb/releases/20250906101235 && ln -snf \"../../storage\" \"./storage\"" [] []
[2025-09-06T10:12:56.135312+00:00] magephp.DEBUG:  [] []
[2025-09-06T10:12:56.135600+00:00] magephp.DEBUG: Task [FS] Link "../../storage" to "./storage" (fs/link) finished with OK [] []
[2025-09-06T10:12:56.135712+00:00] magephp.DEBUG: Running task [FS] Copy "../../.env" to "./.env" (fs/copy) [] []
[2025-09-06T10:12:56.135796+00:00] magephp.INFO: ssh -p 22 -q -o UserKnownHostsFile=/dev/null -o StrictHostKeyChecking=no design24_niko@design24.beget.tech "cd /home/d/design24/vk.na-ekb/releases/20250906101235 && cp -p \"../../.env\" \"./.env\"" [] []
[2025-09-06T10:12:57.114078+00:00] magephp.DEBUG:  [] []
[2025-09-06T10:12:57.114367+00:00] magephp.DEBUG: Task [FS] Copy "../../.env" to "./.env" (fs/copy) finished with OK [] []
[2025-09-06T10:12:57.114464+00:00] magephp.DEBUG: Running task [FS] Copy "../../robots.txt" to "./robots.txt" (fs/copy) [] []
[2025-09-06T10:12:57.114551+00:00] magephp.INFO: ssh -p 22 -q -o UserKnownHostsFile=/dev/null -o StrictHostKeyChecking=no design24_niko@design24.beget.tech "cd /home/d/design24/vk.na-ekb/releases/20250906101235 && cp -p \"../../robots.txt\" \"./robots.txt\"" [] []
[2025-09-06T10:12:58.084782+00:00] magephp.DEBUG:  [] []
[2025-09-06T10:12:58.085035+00:00] magephp.DEBUG: Task [FS] Copy "../../robots.txt" to "./robots.txt" (fs/copy) finished with OK [] []
[2025-09-06T10:12:58.085140+00:00] magephp.DEBUG: Running task [Exec] Clear Laravel Optimize (exec) [] []
[2025-09-06T10:12:58.085225+00:00] magephp.INFO: ssh -p 22 -q -o UserKnownHostsFile=/dev/null -o StrictHostKeyChecking=no design24_niko@design24.beget.tech "cd /home/d/design24/vk.na-ekb/releases/20250906101235 && php8.2 artisan optimize:clear" [] []
[2025-09-06T10:12:59.412282+00:00] magephp.DEBUG: array(12) {   ["name"]=>   string(6) "NA CMS"   ["env"]=>   string(10) "production"   ["debug"]=>   bool(false)   ["url"]=>   string(21) "https://vk.na-ekb.ru/"   ["asset_url"]=>   NULL   ["locale"]=>   string(2) "ru"   ["fallback_locale"]=>   string(2) "en"   ["key"]=>   string(51) "base64:rH4QFqOFZGBoib0FsIj53NL1R3X581ZCVIfazWemqnw="   ["cipher"]=>   string(11) "AES-256-CBC"   ["providers"]=>   array(17) {     [0]=>     string(48) "Illuminate\Broadcasting\BroadcastServiceProvider"     [1]=>     string(33) "Illuminate\Bus\BusServiceProvider"     [2]=>     string(37) "Illuminate\Cache\CacheServiceProvider"     [3]=>     string(39) "Illuminate\Cookie\CookieServiceProvider"     [4]=>     string(47) "Illuminate\Encryption\EncryptionServiceProvider"     [5]=>     string(57) "Illuminate\Foundation\Providers\FoundationServiceProvider"     [6]=>     string(38) "Illuminate\Hashing\HashServiceProvider"     [7]=>     string(47) "Illuminate\Pagination\PaginationServiceProvider"     [8]=>     string(43) "Illuminate\Pipeline\PipelineServiceProvider"     [9]=>     string(37) "Illuminate\Queue\QueueServiceProvider"     [10]=>     string(37) "Illuminate\Redis\RedisServiceProvider"     [11]=>     string(41) "Illuminate\Session\SessionServiceProvider"     [12]=>     string(35) "Illuminate\View\ViewServiceProvider"     [13]=>     string(36) "Laravel\Tinker\TinkerServiceProvider"     [14]=>     string(59) "October\Rain\Foundation\Providers\AppSupportServiceProvider"     [15]=>     string(64) "October\Rain\Foundation\Providers\AppDeferSupportServiceProvider"     [16]=>     string(22) "System\ServiceProvider"   }   ["aliases"]=>   array(3) {     ["DB"]=>     string(29) "Illuminate\Support\Facades\DB"     ["URL"]=>     string(30) "Illuminate\Support\Facades\URL"     ["Eloquent"]=>     string(34) "Illuminate\Database\Eloquent\Model"   }   ["timezone"]=>   string(18) "Asia/Yekaterinburg" } NULL  In Container.php line 891:                                       Target class [] does not exist.                                        In Container.php line 889:                               Class "" does not exist                                 [] []
[2025-09-06T10:12:59.412808+00:00] magephp.ERROR:  [] []
[2025-09-06T10:12:59.412987+00:00] magephp.DEBUG: Task [Exec] Clear Laravel Optimize (exec) finished with FAIL [] []
