[2025-09-06T10:43:27.502391+00:00] magephp.DEBUG: Environment: ekb [] []
[2025-09-06T10:43:27.503608+00:00] magephp.DEBUG: Release ID: 20250906104327 [] []
[2025-09-06T10:43:27.503829+00:00] magephp.DEBUG: Running task [Deploy] Preparing Tar file (deploy/tar/prepare) [] []
[2025-09-06T10:43:27.504089+00:00] magephp.INFO: tar cfzp /private/var/folders/xn/_15sld4n1r38v6xc7hstd0sw0000gn/T/mageeo3vl4l96rv85vcCEu7 --exclude=".git" --exclude=".git" --exclude=".github" --exclude=".idea" --exclude=".DS_Store" --exclude=".mage" --exclude=".gitattributes" --exclude=".gitignore" --exclude=".env.*" --exclude=".env" --exclude="storage" --exclude=".editorconfig" --exclude=".gitattributes" --exclude=".gitignore" --exclude=".php_cs" --exclude="phpcs.xml" --exclude="phpunit.xml" --exclude="README.MD" --exclude="SECURITY.md" --exclude="package.json" --exclude="package-lock.json" --exclude="LICENSE.md" --exclude="CHANGELOG.md" --exclude=".mage.yml" --exclude=".jshintrc" --exclude=".babelrc" --exclude=".php_cs.cache" --exclude=".phpstorm.meta.php" --exclude=".travis.yml" --exclude="_ide_helper.php" --exclude="/server.php" --exclude="/vendor" --exclude="node_modules" --exclude="/webpack.config.js" --exclude="/webpack.mix.js" --exclude=".styleci.yml" --exclude="tests" --exclude=".mage" ./ [] []
[2025-09-06T10:43:33.884939+00:00] magephp.DEBUG:  [] []
[2025-09-06T10:43:33.886053+00:00] magephp.DEBUG: Task [Deploy] Preparing Tar file (deploy/tar/prepare) finished with OK [] []
[2025-09-06T10:43:33.886155+00:00] magephp.DEBUG: Running task [Release] Preparing Release (deploy/release/prepare) [] []
[2025-09-06T10:43:33.886199+00:00] magephp.INFO: ssh -p 22 -q -o UserKnownHostsFile=/dev/null -o StrictHostKeyChecking=no design24_niko@design24.beget.tech "mkdir -p /home/d/design24/vk.na-ekb/releases/20250906104327" [] []
[2025-09-06T10:43:34.848582+00:00] magephp.DEBUG:  [] []
[2025-09-06T10:43:34.848831+00:00] magephp.DEBUG: Task [Release] Preparing Release (deploy/release/prepare) finished with OK [] []
[2025-09-06T10:43:34.848931+00:00] magephp.DEBUG: Running task [Deploy] Copying files with Tar (deploy/tar/copy) [] []
[2025-09-06T10:43:34.849034+00:00] magephp.INFO: scp -P 22 -q -o UserKnownHostsFile=/dev/null -o StrictHostKeyChecking=no /private/var/folders/xn/_15sld4n1r38v6xc7hstd0sw0000gn/T/mageeo3vl4l96rv85vcCEu7 design24_niko@design24.beget.tech:/home/d/design24/vk.na-ekb/releases/20250906104327/mageeo3vl4l96rv85vcCEu7 [] []
[2025-09-06T10:43:43.061094+00:00] magephp.DEBUG:  [] []
[2025-09-06T10:43:43.061613+00:00] magephp.INFO: ssh -p 22 -q -o UserKnownHostsFile=/dev/null -o StrictHostKeyChecking=no design24_niko@design24.beget.tech "cd /home/d/design24/vk.na-ekb/releases/20250906104327 && tar xfzop mageeo3vl4l96rv85vcCEu7" [] []
[2025-09-06T10:43:45.940934+00:00] magephp.DEBUG:  [] []
[2025-09-06T10:43:45.941205+00:00] magephp.INFO: ssh -p 22 -q -o UserKnownHostsFile=/dev/null -o StrictHostKeyChecking=no design24_niko@design24.beget.tech "rm /home/d/design24/vk.na-ekb/releases/20250906104327/mageeo3vl4l96rv85vcCEu7" [] []
[2025-09-06T10:43:46.923920+00:00] magephp.DEBUG:  [] []
[2025-09-06T10:43:46.924322+00:00] magephp.DEBUG: Task [Deploy] Copying files with Tar (deploy/tar/copy) finished with OK [] []
[2025-09-06T10:43:46.924512+00:00] magephp.DEBUG: Running task [FS] Remove "./storage" (fs/remove) [] []
[2025-09-06T10:43:46.924612+00:00] magephp.INFO: ssh -p 22 -q -o UserKnownHostsFile=/dev/null -o StrictHostKeyChecking=no design24_niko@design24.beget.tech "cd /home/d/design24/vk.na-ekb/releases/20250906104327 && rm -rf \"./storage\"" [] []
[2025-09-06T10:43:47.871597+00:00] magephp.DEBUG:  [] []
[2025-09-06T10:43:47.871869+00:00] magephp.DEBUG: Task [FS] Remove "./storage" (fs/remove) finished with OK [] []
[2025-09-06T10:43:47.872075+00:00] magephp.DEBUG: Running task [FS] Remove "../../storage/framework/config.php" (fs/remove) [] []
[2025-09-06T10:43:47.872156+00:00] magephp.INFO: ssh -p 22 -q -o UserKnownHostsFile=/dev/null -o StrictHostKeyChecking=no design24_niko@design24.beget.tech "cd /home/d/design24/vk.na-ekb/releases/20250906104327 && rm -rf \"../../storage/framework/config.php\"" [] []
[2025-09-06T10:43:48.850323+00:00] magephp.DEBUG:  [] []
[2025-09-06T10:43:48.850969+00:00] magephp.DEBUG: Task [FS] Remove "../../storage/framework/config.php" (fs/remove) finished with OK [] []
[2025-09-06T10:43:48.851128+00:00] magephp.DEBUG: Running task [FS] Link "../../storage" to "./storage" (fs/link) [] []
[2025-09-06T10:43:48.851218+00:00] magephp.INFO: ssh -p 22 -q -o UserKnownHostsFile=/dev/null -o StrictHostKeyChecking=no design24_niko@design24.beget.tech "cd /home/d/design24/vk.na-ekb/releases/20250906104327 && ln -snf \"../../storage\" \"./storage\"" [] []
[2025-09-06T10:43:49.825310+00:00] magephp.DEBUG:  [] []
[2025-09-06T10:43:49.825580+00:00] magephp.DEBUG: Task [FS] Link "../../storage" to "./storage" (fs/link) finished with OK [] []
[2025-09-06T10:43:49.825685+00:00] magephp.DEBUG: Running task [FS] Copy "../../.env" to "./.env" (fs/copy) [] []
[2025-09-06T10:43:49.825771+00:00] magephp.INFO: ssh -p 22 -q -o UserKnownHostsFile=/dev/null -o StrictHostKeyChecking=no design24_niko@design24.beget.tech "cd /home/d/design24/vk.na-ekb/releases/20250906104327 && cp -p \"../../.env\" \"./.env\"" [] []
[2025-09-06T10:43:50.811139+00:00] magephp.DEBUG:  [] []
[2025-09-06T10:43:50.811386+00:00] magephp.DEBUG: Task [FS] Copy "../../.env" to "./.env" (fs/copy) finished with OK [] []
[2025-09-06T10:43:50.811480+00:00] magephp.DEBUG: Running task [FS] Copy "../../robots.txt" to "./robots.txt" (fs/copy) [] []
[2025-09-06T10:43:50.811563+00:00] magephp.INFO: ssh -p 22 -q -o UserKnownHostsFile=/dev/null -o StrictHostKeyChecking=no design24_niko@design24.beget.tech "cd /home/d/design24/vk.na-ekb/releases/20250906104327 && cp -p \"../../robots.txt\" \"./robots.txt\"" [] []
[2025-09-06T10:43:51.773366+00:00] magephp.DEBUG:  [] []
[2025-09-06T10:43:51.773698+00:00] magephp.DEBUG: Task [FS] Copy "../../robots.txt" to "./robots.txt" (fs/copy) finished with OK [] []
[2025-09-06T10:43:51.773817+00:00] magephp.DEBUG: Running task [Exec] Clear Laravel Optimize (exec) [] []
[2025-09-06T10:43:51.774008+00:00] magephp.INFO: ssh -p 22 -q -o UserKnownHostsFile=/dev/null -o StrictHostKeyChecking=no design24_niko@design24.beget.tech "cd /home/d/design24/vk.na-ekb/releases/20250906104327 && php8.2 artisan optimize:clear" [] []
[2025-09-06T10:43:53.070614+00:00] magephp.DEBUG:     INFO  Clearing cached bootstrap files.      events ............................................................ 1ms DONE   views ............................................................. 7ms DONE   cache ............................................................. 3ms DONE   route ............................................................. 1ms DONE   config ............................................................ 1ms DONE   compiled .......................................................... 1ms DONE   [] []
[2025-09-06T10:43:53.070866+00:00] magephp.DEBUG: Task [Exec] Clear Laravel Optimize (exec) finished with OK [] []
[2025-09-06T10:43:53.070968+00:00] magephp.DEBUG: Running task [Exec] Composer install (exec) [] []
[2025-09-06T10:43:53.071335+00:00] magephp.INFO: ssh -p 22 -q -o UserKnownHostsFile=/dev/null -o StrictHostKeyChecking=no design24_niko@design24.beget.tech "cd /home/d/design24/vk.na-ekb/releases/20250906104327 && /usr/local/bin/php8.2 /home/d/design24/.local/bin/composer install --no-interaction --no-dev --prefer-dist --optimize-autoloader" [] []
[2025-09-06T10:44:07.137019+00:00] magephp.DEBUG:     INFO  Discovering packages.      bensampo/laravel-enum ................................................. DONE   laravel/sail .......................................................... DONE   laravel/tinker ........................................................ DONE   nesbot/carbon ......................................................... DONE   nunomaduro/termwind ................................................... DONE   october/rain .......................................................... DONE   sentry/sentry-laravel ................................................. DONE   [] []
[2025-09-06T10:44:07.138162+00:00] magephp.DEBUG: Task [Exec] Composer install (exec) finished with OK [] []
[2025-09-06T10:44:07.138575+00:00] magephp.DEBUG: Running task [Release] Creating Symlink (deploy/release) [] []
[2025-09-06T10:44:07.138696+00:00] magephp.INFO: ssh -p 22 -q -o UserKnownHostsFile=/dev/null -o StrictHostKeyChecking=no design24_niko@design24.beget.tech "cd /home/d/design24/vk.na-ekb && ln -snf releases/20250906104327 current" [] []
[2025-09-06T10:44:08.109222+00:00] magephp.DEBUG:  [] []
[2025-09-06T10:44:08.109497+00:00] magephp.DEBUG: Task [Release] Creating Symlink (deploy/release) finished with OK [] []
[2025-09-06T10:44:08.109737+00:00] magephp.DEBUG: Running task [Release] Cleaning up old Releases (deploy/release/cleanup) [] []
[2025-09-06T10:44:08.109845+00:00] magephp.INFO: ssh -p 22 -q -o UserKnownHostsFile=/dev/null -o StrictHostKeyChecking=no design24_niko@design24.beget.tech "ls -1 /home/d/design24/vk.na-ekb/releases" [] []
[2025-09-06T10:44:09.073104+00:00] magephp.DEBUG: 20250906101235 20250906101841 20250906102013 20250906104327  [] []
[2025-09-06T10:44:09.073301+00:00] magephp.INFO: ssh -p 22 -q -o UserKnownHostsFile=/dev/null -o StrictHostKeyChecking=no design24_niko@design24.beget.tech "rm -rf /home/d/design24/vk.na-ekb/releases/20250906101235" [] []
[2025-09-06T10:44:10.687175+00:00] magephp.DEBUG:  [] []
[2025-09-06T10:44:10.687460+00:00] magephp.DEBUG: Task [Release] Cleaning up old Releases (deploy/release/cleanup) finished with OK [] []
[2025-09-06T10:44:10.687562+00:00] magephp.DEBUG: Running task [Exec] Optimize Laravel (exec) [] []
[2025-09-06T10:44:10.687649+00:00] magephp.INFO: ssh -p 22 -q -o UserKnownHostsFile=/dev/null -o StrictHostKeyChecking=no design24_niko@design24.beget.tech "cd /home/d/design24/vk.na-ekb/releases/20250906104327 && php8.2 artisan optimize" [] []
[2025-09-06T10:44:12.011811+00:00] magephp.DEBUG:     INFO  Caching the framework bootstrap files.      config ........................................................... 34ms DONE   routes ........................................................... 29ms DONE   [] []
[2025-09-06T10:44:12.012063+00:00] magephp.DEBUG: Task [Exec] Optimize Laravel (exec) finished with OK [] []
[2025-09-06T10:44:12.012166+00:00] magephp.DEBUG: Running task [Exec] Migrate DB (exec) [] []
[2025-09-06T10:44:12.012254+00:00] magephp.INFO: ssh -p 22 -q -o UserKnownHostsFile=/dev/null -o StrictHostKeyChecking=no design24_niko@design24.beget.tech "cd /home/d/design24/vk.na-ekb/releases/20250906104327 && php8.2 artisan october:migrate" [] []
[2025-09-06T10:44:13.301107+00:00] magephp.DEBUG: Migrating Application and Plugins Nothing to migrate. Migrating Content Tables Nothing to migrate.  [] []
[2025-09-06T10:44:13.302247+00:00] magephp.DEBUG: Task [Exec] Migrate DB (exec) finished with OK [] []
[2025-09-06T10:44:13.302391+00:00] magephp.DEBUG: Running task [FS] Remove "../../public_html" (fs/remove) [] []
[2025-09-06T10:44:13.302543+00:00] magephp.INFO: ssh -p 22 -q -o UserKnownHostsFile=/dev/null -o StrictHostKeyChecking=no design24_niko@design24.beget.tech "cd /home/d/design24/vk.na-ekb/releases/20250906104327 && rm -rf \"../../public_html\"" [] []
[2025-09-06T10:44:14.275122+00:00] magephp.DEBUG:  [] []
[2025-09-06T10:44:14.275361+00:00] magephp.DEBUG: Task [FS] Remove "../../public_html" (fs/remove) finished with OK [] []
[2025-09-06T10:44:14.275476+00:00] magephp.DEBUG: Running task [FS] Link "./current" to "../../public_html" (fs/link) [] []
[2025-09-06T10:44:14.275563+00:00] magephp.INFO: ssh -p 22 -q -o UserKnownHostsFile=/dev/null -o StrictHostKeyChecking=no design24_niko@design24.beget.tech "cd /home/d/design24/vk.na-ekb/releases/20250906104327 && ln -snf \"./current\" \"../../public_html\"" [] []
[2025-09-06T10:44:15.245074+00:00] magephp.DEBUG:  [] []
[2025-09-06T10:44:15.245344+00:00] magephp.DEBUG: Task [FS] Link "./current" to "../../public_html" (fs/link) finished with OK [] []
[2025-09-06T10:44:15.245577+00:00] magephp.DEBUG: Running task [Deploy] Cleanup Tar file (deploy/tar/cleanup) [] []
[2025-09-06T10:44:15.245640+00:00] magephp.INFO: rm /private/var/folders/xn/_15sld4n1r38v6xc7hstd0sw0000gn/T/mageeo3vl4l96rv85vcCEu7 [] []
[2025-09-06T10:44:15.413204+00:00] magephp.DEBUG:  [] []
[2025-09-06T10:44:15.413286+00:00] magephp.DEBUG: Task [Deploy] Cleanup Tar file (deploy/tar/cleanup) finished with OK [] []
