[2025-09-06T10:11:30.592866+00:00] magephp.DEBUG: Environment: ekb [] []
[2025-09-06T10:11:30.593851+00:00] magephp.DEBUG: Release ID: 20250906101130 [] []
[2025-09-06T10:11:30.594035+00:00] magephp.DEBUG: Running task [Deploy] Preparing Tar file (deploy/tar/prepare) [] []
[2025-09-06T10:11:30.594885+00:00] magephp.INFO: tar cfzp /private/var/folders/xn/_15sld4n1r38v6xc7hstd0sw0000gn/T/mage56qmn85hikm70rz2ZUh --exclude=".git" --exclude=".git" --exclude=".github" --exclude=".idea" --exclude=".DS_Store" --exclude=".mage" --exclude=".gitattributes" --exclude=".gitignore" --exclude=".env.*" --exclude=".env" --exclude="storage" --exclude=".editorconfig" --exclude=".gitattributes" --exclude=".gitignore" --exclude=".php_cs" --exclude="phpcs.xml" --exclude="phpunit.xml" --exclude="README.MD" --exclude="SECURITY.md" --exclude="package.json" --exclude="package-lock.json" --exclude="LICENSE.md" --exclude="CHANGELOG.md" --exclude=".mage.yml" --exclude=".jshintrc" --exclude=".babelrc" --exclude=".php_cs.cache" --exclude=".phpstorm.meta.php" --exclude=".travis.yml" --exclude="_ide_helper.php" --exclude="/server.php" --exclude="/vendor" --exclude="node_modules" --exclude="/webpack.config.js" --exclude="/webpack.mix.js" --exclude=".styleci.yml" --exclude="tests" --exclude=".mage" ./ [] []
[2025-09-06T10:11:37.149623+00:00] magephp.DEBUG:  [] []
[2025-09-06T10:11:37.150479+00:00] magephp.DEBUG: Task [Deploy] Preparing Tar file (deploy/tar/prepare) finished with OK [] []
[2025-09-06T10:11:37.150590+00:00] magephp.DEBUG: Running task [Release] Preparing Release (deploy/release/prepare) [] []
[2025-09-06T10:11:37.150630+00:00] magephp.INFO: ssh -p 22 -q -o UserKnownHostsFile=/dev/null -o StrictHostKeyChecking=no design24_niko@design24.beget.tech "mkdir -p /home/d/design24/vk.na-ekb/releases/20250906101130" [] []
[2025-09-06T10:11:38.167682+00:00] magephp.DEBUG:  [] []
[2025-09-06T10:11:38.168102+00:00] magephp.DEBUG: Task [Release] Preparing Release (deploy/release/prepare) finished with OK [] []
[2025-09-06T10:11:38.168227+00:00] magephp.DEBUG: Running task [Deploy] Copying files with Tar (deploy/tar/copy) [] []
[2025-09-06T10:11:38.168368+00:00] magephp.INFO: scp -P 22 -q -o UserKnownHostsFile=/dev/null -o StrictHostKeyChecking=no /private/var/folders/xn/_15sld4n1r38v6xc7hstd0sw0000gn/T/mage56qmn85hikm70rz2ZUh design24_niko@design24.beget.tech:/home/d/design24/vk.na-ekb/releases/20250906101130/mage56qmn85hikm70rz2ZUh [] []
[2025-09-06T10:11:47.093094+00:00] magephp.DEBUG:  [] []
[2025-09-06T10:11:47.094730+00:00] magephp.INFO: ssh -p 22 -q -o UserKnownHostsFile=/dev/null -o StrictHostKeyChecking=no design24_niko@design24.beget.tech "cd /home/d/design24/vk.na-ekb/releases/20250906101130 && tar xfzop mage56qmn85hikm70rz2ZUh" [] []
[2025-09-06T10:11:49.975696+00:00] magephp.DEBUG:  [] []
[2025-09-06T10:11:49.975998+00:00] magephp.INFO: ssh -p 22 -q -o UserKnownHostsFile=/dev/null -o StrictHostKeyChecking=no design24_niko@design24.beget.tech "rm /home/d/design24/vk.na-ekb/releases/20250906101130/mage56qmn85hikm70rz2ZUh" [] []
[2025-09-06T10:11:50.956760+00:00] magephp.DEBUG:  [] []
[2025-09-06T10:11:50.956949+00:00] magephp.DEBUG: Task [Deploy] Copying files with Tar (deploy/tar/copy) finished with OK [] []
[2025-09-06T10:11:50.957014+00:00] magephp.DEBUG: Running task [Exec] Clear Laravel Optimize (exec) [] []
[2025-09-06T10:11:50.957072+00:00] magephp.INFO: ssh -p 22 -q -o UserKnownHostsFile=/dev/null -o StrictHostKeyChecking=no design24_niko@design24.beget.tech "cd /home/d/design24/vk.na-ekb/releases/20250906101130 && php8.2 artisan optimize:clear" [] []
[2025-09-06T10:11:52.044604+00:00] magephp.DEBUG:  In PackageManifest.php line 178:                                                                                   The /home/d/design24/vk.na-ekb/releases/20250906101130/storage/framework di     rectory must be present and writable.                                                                                                                           [] []
[2025-09-06T10:11:52.044758+00:00] magephp.ERROR:  [] []
[2025-09-06T10:11:52.044937+00:00] magephp.DEBUG: Task [Exec] Clear Laravel Optimize (exec) finished with FAIL [] []
