[2025-09-06T10:20:13.578029+00:00] magephp.DEBUG: Environment: ekb [] []
[2025-09-06T10:20:13.579321+00:00] magephp.DEBUG: Release ID: 20250906102013 [] []
[2025-09-06T10:20:13.581098+00:00] magephp.DEBUG: Running task [Deploy] Preparing Tar file (deploy/tar/prepare) [] []
[2025-09-06T10:20:13.583765+00:00] magephp.INFO: tar cfzp /private/var/folders/xn/_15sld4n1r38v6xc7hstd0sw0000gn/T/mageqop0h683loanfcrOsy7 --exclude=".git" --exclude=".git" --exclude=".github" --exclude=".idea" --exclude=".DS_Store" --exclude=".mage" --exclude=".gitattributes" --exclude=".gitignore" --exclude=".env.*" --exclude=".env" --exclude="storage" --exclude=".editorconfig" --exclude=".gitattributes" --exclude=".gitignore" --exclude=".php_cs" --exclude="phpcs.xml" --exclude="phpunit.xml" --exclude="README.MD" --exclude="SECURITY.md" --exclude="package.json" --exclude="package-lock.json" --exclude="LICENSE.md" --exclude="CHANGELOG.md" --exclude=".mage.yml" --exclude=".jshintrc" --exclude=".babelrc" --exclude=".php_cs.cache" --exclude=".phpstorm.meta.php" --exclude=".travis.yml" --exclude="_ide_helper.php" --exclude="/server.php" --exclude="/vendor" --exclude="node_modules" --exclude="/webpack.config.js" --exclude="/webpack.mix.js" --exclude=".styleci.yml" --exclude="tests" --exclude=".mage" ./ [] []
[2025-09-06T10:20:19.876020+00:00] magephp.DEBUG:  [] []
[2025-09-06T10:20:19.876611+00:00] magephp.DEBUG: Task [Deploy] Preparing Tar file (deploy/tar/prepare) finished with OK [] []
[2025-09-06T10:20:19.876693+00:00] magephp.DEBUG: Running task [Release] Preparing Release (deploy/release/prepare) [] []
[2025-09-06T10:20:19.876729+00:00] magephp.INFO: ssh -p 22 -q -o UserKnownHostsFile=/dev/null -o StrictHostKeyChecking=no design24_niko@design24.beget.tech "mkdir -p /home/d/design24/vk.na-ekb/releases/20250906102013" [] []
[2025-09-06T10:20:20.840223+00:00] magephp.DEBUG:  [] []
[2025-09-06T10:20:20.840459+00:00] magephp.DEBUG: Task [Release] Preparing Release (deploy/release/prepare) finished with OK [] []
[2025-09-06T10:20:20.840543+00:00] magephp.DEBUG: Running task [Deploy] Copying files with Tar (deploy/tar/copy) [] []
[2025-09-06T10:20:20.840630+00:00] magephp.INFO: scp -P 22 -q -o UserKnownHostsFile=/dev/null -o StrictHostKeyChecking=no /private/var/folders/xn/_15sld4n1r38v6xc7hstd0sw0000gn/T/mageqop0h683loanfcrOsy7 design24_niko@design24.beget.tech:/home/d/design24/vk.na-ekb/releases/20250906102013/mageqop0h683loanfcrOsy7 [] []
[2025-09-06T10:20:27.030921+00:00] magephp.DEBUG:  [] []
[2025-09-06T10:20:27.031482+00:00] magephp.INFO: ssh -p 22 -q -o UserKnownHostsFile=/dev/null -o StrictHostKeyChecking=no design24_niko@design24.beget.tech "cd /home/d/design24/vk.na-ekb/releases/20250906102013 && tar xfzop mageqop0h683loanfcrOsy7" [] []
[2025-09-06T10:20:29.902258+00:00] magephp.DEBUG:  [] []
[2025-09-06T10:20:29.902442+00:00] magephp.INFO: ssh -p 22 -q -o UserKnownHostsFile=/dev/null -o StrictHostKeyChecking=no design24_niko@design24.beget.tech "rm /home/d/design24/vk.na-ekb/releases/20250906102013/mageqop0h683loanfcrOsy7" [] []
[2025-09-06T10:20:30.881384+00:00] magephp.DEBUG:  [] []
[2025-09-06T10:20:30.881633+00:00] magephp.DEBUG: Task [Deploy] Copying files with Tar (deploy/tar/copy) finished with OK [] []
[2025-09-06T10:20:30.881785+00:00] magephp.DEBUG: Running task [FS] Remove "./storage" (fs/remove) [] []
[2025-09-06T10:20:30.881870+00:00] magephp.INFO: ssh -p 22 -q -o UserKnownHostsFile=/dev/null -o StrictHostKeyChecking=no design24_niko@design24.beget.tech "cd /home/d/design24/vk.na-ekb/releases/20250906102013 && rm -rf \"./storage\"" [] []
[2025-09-06T10:20:31.851291+00:00] magephp.DEBUG:  [] []
[2025-09-06T10:20:31.851489+00:00] magephp.DEBUG: Task [FS] Remove "./storage" (fs/remove) finished with OK [] []
[2025-09-06T10:20:31.851579+00:00] magephp.DEBUG: Running task [FS] Remove "../../storage/framework/config.php" (fs/remove) [] []
[2025-09-06T10:20:31.851653+00:00] magephp.INFO: ssh -p 22 -q -o UserKnownHostsFile=/dev/null -o StrictHostKeyChecking=no design24_niko@design24.beget.tech "cd /home/d/design24/vk.na-ekb/releases/20250906102013 && rm -rf \"../../storage/framework/config.php\"" [] []
[2025-09-06T10:20:32.849933+00:00] magephp.DEBUG:  [] []
[2025-09-06T10:20:32.850954+00:00] magephp.DEBUG: Task [FS] Remove "../../storage/framework/config.php" (fs/remove) finished with OK [] []
[2025-09-06T10:20:32.851222+00:00] magephp.DEBUG: Running task [FS] Link "../../storage" to "./storage" (fs/link) [] []
[2025-09-06T10:20:32.851369+00:00] magephp.INFO: ssh -p 22 -q -o UserKnownHostsFile=/dev/null -o StrictHostKeyChecking=no design24_niko@design24.beget.tech "cd /home/d/design24/vk.na-ekb/releases/20250906102013 && ln -snf \"../../storage\" \"./storage\"" [] []
[2025-09-06T10:20:33.849575+00:00] magephp.DEBUG:  [] []
[2025-09-06T10:20:33.849846+00:00] magephp.DEBUG: Task [FS] Link "../../storage" to "./storage" (fs/link) finished with OK [] []
[2025-09-06T10:20:33.849950+00:00] magephp.DEBUG: Running task [FS] Copy "../../.env" to "./.env" (fs/copy) [] []
[2025-09-06T10:20:33.850094+00:00] magephp.INFO: ssh -p 22 -q -o UserKnownHostsFile=/dev/null -o StrictHostKeyChecking=no design24_niko@design24.beget.tech "cd /home/d/design24/vk.na-ekb/releases/20250906102013 && cp -p \"../../.env\" \"./.env\"" [] []
[2025-09-06T10:20:34.827156+00:00] magephp.DEBUG:  [] []
[2025-09-06T10:20:34.827434+00:00] magephp.DEBUG: Task [FS] Copy "../../.env" to "./.env" (fs/copy) finished with OK [] []
[2025-09-06T10:20:34.827574+00:00] magephp.DEBUG: Running task [FS] Copy "../../robots.txt" to "./robots.txt" (fs/copy) [] []
[2025-09-06T10:20:34.827656+00:00] magephp.INFO: ssh -p 22 -q -o UserKnownHostsFile=/dev/null -o StrictHostKeyChecking=no design24_niko@design24.beget.tech "cd /home/d/design24/vk.na-ekb/releases/20250906102013 && cp -p \"../../robots.txt\" \"./robots.txt\"" [] []
[2025-09-06T10:20:35.810857+00:00] magephp.DEBUG:  [] []
[2025-09-06T10:20:35.811142+00:00] magephp.DEBUG: Task [FS] Copy "../../robots.txt" to "./robots.txt" (fs/copy) finished with OK [] []
[2025-09-06T10:20:35.811311+00:00] magephp.DEBUG: Running task [Exec] Clear Laravel Optimize (exec) [] []
[2025-09-06T10:20:35.811421+00:00] magephp.INFO: ssh -p 22 -q -o UserKnownHostsFile=/dev/null -o StrictHostKeyChecking=no design24_niko@design24.beget.tech "cd /home/d/design24/vk.na-ekb/releases/20250906102013 && php8.2 artisan optimize:clear" [] []
[2025-09-06T10:20:37.192088+00:00] magephp.DEBUG:     INFO  Clearing cached bootstrap files.      events ............................................................ 1ms DONE   views ............................................................. 7ms DONE   cache ............................................................ 66ms DONE   route ............................................................. 1ms DONE   config ............................................................ 1ms DONE   compiled .......................................................... 1ms DONE   [] []
[2025-09-06T10:20:37.192383+00:00] magephp.DEBUG: Task [Exec] Clear Laravel Optimize (exec) finished with OK [] []
[2025-09-06T10:20:37.192466+00:00] magephp.DEBUG: Running task [Exec] Composer install (exec) [] []
[2025-09-06T10:20:37.192565+00:00] magephp.INFO: ssh -p 22 -q -o UserKnownHostsFile=/dev/null -o StrictHostKeyChecking=no design24_niko@design24.beget.tech "cd /home/d/design24/vk.na-ekb/releases/20250906102013 && /usr/local/bin/php8.2 /home/d/design24/.local/bin/composer install --no-interaction --no-dev --prefer-dist --optimize-autoloader" [] []
[2025-09-06T10:20:50.961154+00:00] magephp.DEBUG:     INFO  Discovering packages.      bensampo/laravel-enum ................................................. DONE   laravel/sail .......................................................... DONE   laravel/tinker ........................................................ DONE   nesbot/carbon ......................................................... DONE   nunomaduro/termwind ................................................... DONE   october/rain .......................................................... DONE   sentry/sentry-laravel ................................................. DONE   [] []
[2025-09-06T10:20:50.962152+00:00] magephp.DEBUG: Task [Exec] Composer install (exec) finished with OK [] []
[2025-09-06T10:20:50.962607+00:00] magephp.DEBUG: Running task [Release] Creating Symlink (deploy/release) [] []
[2025-09-06T10:20:50.962803+00:00] magephp.INFO: ssh -p 22 -q -o UserKnownHostsFile=/dev/null -o StrictHostKeyChecking=no design24_niko@design24.beget.tech "cd /home/d/design24/vk.na-ekb && ln -snf releases/20250906102013 current" [] []
[2025-09-06T10:20:51.968653+00:00] magephp.DEBUG:  [] []
[2025-09-06T10:20:51.968900+00:00] magephp.DEBUG: Task [Release] Creating Symlink (deploy/release) finished with OK [] []
[2025-09-06T10:20:51.969119+00:00] magephp.DEBUG: Running task [Release] Cleaning up old Releases (deploy/release/cleanup) [] []
[2025-09-06T10:20:51.969311+00:00] magephp.INFO: ssh -p 22 -q -o UserKnownHostsFile=/dev/null -o StrictHostKeyChecking=no design24_niko@design24.beget.tech "ls -1 /home/d/design24/vk.na-ekb/releases" [] []
[2025-09-06T10:20:52.953800+00:00] magephp.DEBUG: 20250310023727 20250906094046 20250906094445 20250906094847 20250906101130 20250906101235 20250906101841 20250906102013  [] []
[2025-09-06T10:20:52.954029+00:00] magephp.INFO: ssh -p 22 -q -o UserKnownHostsFile=/dev/null -o StrictHostKeyChecking=no design24_niko@design24.beget.tech "rm -rf /home/d/design24/vk.na-ekb/releases/20250310023727" [] []
[2025-09-06T10:20:53.933042+00:00] magephp.DEBUG:  [] []
[2025-09-06T10:20:53.933239+00:00] magephp.INFO: ssh -p 22 -q -o UserKnownHostsFile=/dev/null -o StrictHostKeyChecking=no design24_niko@design24.beget.tech "rm -rf /home/d/design24/vk.na-ekb/releases/20250906094046" [] []
[2025-09-06T10:20:55.482866+00:00] magephp.DEBUG:  [] []
[2025-09-06T10:20:55.483038+00:00] magephp.INFO: ssh -p 22 -q -o UserKnownHostsFile=/dev/null -o StrictHostKeyChecking=no design24_niko@design24.beget.tech "rm -rf /home/d/design24/vk.na-ekb/releases/20250906094445" [] []
[2025-09-06T10:20:57.032498+00:00] magephp.DEBUG:  [] []
[2025-09-06T10:20:57.032835+00:00] magephp.INFO: ssh -p 22 -q -o UserKnownHostsFile=/dev/null -o StrictHostKeyChecking=no design24_niko@design24.beget.tech "rm -rf /home/d/design24/vk.na-ekb/releases/20250906094847" [] []
[2025-09-06T10:20:58.561490+00:00] magephp.DEBUG:  [] []
[2025-09-06T10:20:58.561720+00:00] magephp.INFO: ssh -p 22 -q -o UserKnownHostsFile=/dev/null -o StrictHostKeyChecking=no design24_niko@design24.beget.tech "rm -rf /home/d/design24/vk.na-ekb/releases/20250906101130" [] []
[2025-09-06T10:21:00.187204+00:00] magephp.DEBUG:  [] []
[2025-09-06T10:21:00.187648+00:00] magephp.DEBUG: Task [Release] Cleaning up old Releases (deploy/release/cleanup) finished with OK [] []
[2025-09-06T10:21:00.187771+00:00] magephp.DEBUG: Running task [Exec] Optimize Laravel (exec) [] []
[2025-09-06T10:21:00.187882+00:00] magephp.INFO: ssh -p 22 -q -o UserKnownHostsFile=/dev/null -o StrictHostKeyChecking=no design24_niko@design24.beget.tech "cd /home/d/design24/vk.na-ekb/releases/20250906102013 && php8.2 artisan optimize" [] []
[2025-09-06T10:21:01.493680+00:00] magephp.DEBUG:     INFO  Caching the framework bootstrap files.      config ........................................................... 22ms DONE   routes ........................................................... 20ms DONE   [] []
[2025-09-06T10:21:01.493910+00:00] magephp.DEBUG: Task [Exec] Optimize Laravel (exec) finished with OK [] []
[2025-09-06T10:21:01.494217+00:00] magephp.DEBUG: Running task [Exec] Migrate DB (exec) [] []
[2025-09-06T10:21:01.494336+00:00] magephp.INFO: ssh -p 22 -q -o UserKnownHostsFile=/dev/null -o StrictHostKeyChecking=no design24_niko@design24.beget.tech "cd /home/d/design24/vk.na-ekb/releases/20250906102013 && php8.2 artisan october:migrate" [] []
[2025-09-06T10:21:02.799334+00:00] magephp.DEBUG: Migrating Application and Plugins OFFLINE.Sentry - v3.1.0 Updated Sentry Client Version OFFLINE.Vite - v2.0.13 Added October 4 support - v2.0.14 Added October 4 support Vdlp.Sitemap - v1.0.0 First version of Vdlp.Sitemap - v1.0.1 Add LICENSE file to plugin - v1.0.2 Fix formatting of ModifiedAt DateTime - v1.0.3 Code cleanup - v1.1.0 Update plugin dependencies - v2.0.0 Add support for PHP 7.4 or higher. Please review plugin configuration, check README.md - v2.1.0 Maintenance update. Check CHANGELOG.md for details. - v2.2.0 Add sitemap config resolver and images. Fixed bug where sitemap would never regenerate when sitemap file exists. - v2.3.0 Maintenance update. Check CHANGELOG.md for details. Migrating Content Tables Nothing to migrate.  [] []
[2025-09-06T10:21:02.799633+00:00] magephp.DEBUG: Task [Exec] Migrate DB (exec) finished with OK [] []
[2025-09-06T10:21:02.799832+00:00] magephp.DEBUG: Running task [FS] Remove "../../public_html" (fs/remove) [] []
[2025-09-06T10:21:02.800049+00:00] magephp.INFO: ssh -p 22 -q -o UserKnownHostsFile=/dev/null -o StrictHostKeyChecking=no design24_niko@design24.beget.tech "cd /home/d/design24/vk.na-ekb/releases/20250906102013 && rm -rf \"../../public_html\"" [] []
[2025-09-06T10:21:03.818854+00:00] magephp.DEBUG:  [] []
[2025-09-06T10:21:03.819361+00:00] magephp.DEBUG: Task [FS] Remove "../../public_html" (fs/remove) finished with OK [] []
[2025-09-06T10:21:03.819517+00:00] magephp.DEBUG: Running task [FS] Link "./current" to "../../public_html" (fs/link) [] []
[2025-09-06T10:21:03.819802+00:00] magephp.INFO: ssh -p 22 -q -o UserKnownHostsFile=/dev/null -o StrictHostKeyChecking=no design24_niko@design24.beget.tech "cd /home/d/design24/vk.na-ekb/releases/20250906102013 && ln -snf \"./current\" \"../../public_html\"" [] []
[2025-09-06T10:21:04.804929+00:00] magephp.DEBUG:  [] []
[2025-09-06T10:21:04.805190+00:00] magephp.DEBUG: Task [FS] Link "./current" to "../../public_html" (fs/link) finished with OK [] []
[2025-09-06T10:21:04.805691+00:00] magephp.DEBUG: Running task [Deploy] Cleanup Tar file (deploy/tar/cleanup) [] []
[2025-09-06T10:21:04.805823+00:00] magephp.INFO: rm /private/var/folders/xn/_15sld4n1r38v6xc7hstd0sw0000gn/T/mageqop0h683loanfcrOsy7 [] []
[2025-09-06T10:21:05.019810+00:00] magephp.DEBUG:  [] []
[2025-09-06T10:21:05.019892+00:00] magephp.DEBUG: Task [Deploy] Cleanup Tar file (deploy/tar/cleanup) finished with OK [] []
