[2025-09-10T13:35:18.098515+00:00] magephp.DEBUG: Environment: ekb [] []
[2025-09-10T13:35:18.099636+00:00] magephp.DEBUG: Release ID: 20250910133518 [] []
[2025-09-10T13:35:18.099831+00:00] magephp.DEBUG: Running task [Deploy] Preparing Tar file (deploy/tar/prepare) [] []
[2025-09-10T13:35:18.100690+00:00] magephp.INFO: tar cfzp /private/var/folders/xn/_15sld4n1r38v6xc7hstd0sw0000gn/T/magerifiss2eq3tm1QTfLqp --exclude=".git" --exclude=".git" --exclude=".github" --exclude=".idea" --exclude=".DS_Store" --exclude=".mage" --exclude=".gitattributes" --exclude=".gitignore" --exclude=".env.*" --exclude=".env" --exclude="storage" --exclude=".editorconfig" --exclude=".gitattributes" --exclude=".gitignore" --exclude=".php_cs" --exclude="phpcs.xml" --exclude="phpunit.xml" --exclude="README.MD" --exclude="SECURITY.md" --exclude="package.json" --exclude="package-lock.json" --exclude="LICENSE.md" --exclude="CHANGELOG.md" --exclude=".mage.yml" --exclude=".jshintrc" --exclude=".babelrc" --exclude=".php_cs.cache" --exclude=".phpstorm.meta.php" --exclude=".travis.yml" --exclude="_ide_helper.php" --exclude="/server.php" --exclude="/vendor" --exclude="node_modules" --exclude="/webpack.config.js" --exclude="/webpack.mix.js" --exclude=".styleci.yml" --exclude="tests" --exclude=".mage" ./ [] []
[2025-09-10T13:35:24.808296+00:00] magephp.DEBUG:  [] []
[2025-09-10T13:35:24.809625+00:00] magephp.DEBUG: Task [Deploy] Preparing Tar file (deploy/tar/prepare) finished with OK [] []
[2025-09-10T13:35:24.809834+00:00] magephp.DEBUG: Running task [Release] Preparing Release (deploy/release/prepare) [] []
[2025-09-10T13:35:24.809946+00:00] magephp.INFO: ssh -p 22 -q -o UserKnownHostsFile=/dev/null -o StrictHostKeyChecking=no design24_niko@design24.beget.tech "mkdir -p /home/d/design24/vk.na-ekb/releases/20250910133518" [] []
[2025-09-10T13:35:26.452093+00:00] magephp.DEBUG:  [] []
[2025-09-10T13:35:26.452378+00:00] magephp.DEBUG: Task [Release] Preparing Release (deploy/release/prepare) finished with OK [] []
[2025-09-10T13:35:26.452584+00:00] magephp.DEBUG: Running task [Deploy] Copying files with Tar (deploy/tar/copy) [] []
[2025-09-10T13:35:26.452709+00:00] magephp.INFO: scp -P 22 -q -o UserKnownHostsFile=/dev/null -o StrictHostKeyChecking=no /private/var/folders/xn/_15sld4n1r38v6xc7hstd0sw0000gn/T/magerifiss2eq3tm1QTfLqp design24_niko@design24.beget.tech:/home/d/design24/vk.na-ekb/releases/20250910133518/magerifiss2eq3tm1QTfLqp [] []
[2025-09-10T13:35:38.076194+00:00] magephp.DEBUG:  [] []
[2025-09-10T13:35:38.077087+00:00] magephp.INFO: ssh -p 22 -q -o UserKnownHostsFile=/dev/null -o StrictHostKeyChecking=no design24_niko@design24.beget.tech "cd /home/d/design24/vk.na-ekb/releases/20250910133518 && tar xfzop magerifiss2eq3tm1QTfLqp" [] []
[2025-09-10T13:35:41.577895+00:00] magephp.DEBUG:  [] []
[2025-09-10T13:35:41.578094+00:00] magephp.INFO: ssh -p 22 -q -o UserKnownHostsFile=/dev/null -o StrictHostKeyChecking=no design24_niko@design24.beget.tech "rm /home/d/design24/vk.na-ekb/releases/20250910133518/magerifiss2eq3tm1QTfLqp" [] []
[2025-09-10T13:35:43.017718+00:00] magephp.DEBUG:  [] []
[2025-09-10T13:35:43.018348+00:00] magephp.DEBUG: Task [Deploy] Copying files with Tar (deploy/tar/copy) finished with OK [] []
[2025-09-10T13:35:43.018578+00:00] magephp.DEBUG: Running task [FS] Remove "./storage" (fs/remove) [] []
[2025-09-10T13:35:43.018716+00:00] magephp.INFO: ssh -p 22 -q -o UserKnownHostsFile=/dev/null -o StrictHostKeyChecking=no design24_niko@design24.beget.tech "cd /home/d/design24/vk.na-ekb/releases/20250910133518 && rm -rf \"./storage\"" [] []
[2025-09-10T13:35:44.442836+00:00] magephp.DEBUG:  [] []
[2025-09-10T13:35:44.443214+00:00] magephp.DEBUG: Task [FS] Remove "./storage" (fs/remove) finished with OK [] []
[2025-09-10T13:35:44.443438+00:00] magephp.DEBUG: Running task [FS] Remove "../../storage/framework/config.php" (fs/remove) [] []
[2025-09-10T13:35:44.443531+00:00] magephp.INFO: ssh -p 22 -q -o UserKnownHostsFile=/dev/null -o StrictHostKeyChecking=no design24_niko@design24.beget.tech "cd /home/d/design24/vk.na-ekb/releases/20250910133518 && rm -rf \"../../storage/framework/config.php\"" [] []
[2025-09-10T13:35:45.875841+00:00] magephp.DEBUG:  [] []
[2025-09-10T13:35:45.876473+00:00] magephp.DEBUG: Task [FS] Remove "../../storage/framework/config.php" (fs/remove) finished with OK [] []
[2025-09-10T13:35:45.876690+00:00] magephp.DEBUG: Running task [FS] Link "../../storage" to "./storage" (fs/link) [] []
[2025-09-10T13:35:45.877773+00:00] magephp.INFO: ssh -p 22 -q -o UserKnownHostsFile=/dev/null -o StrictHostKeyChecking=no design24_niko@design24.beget.tech "cd /home/d/design24/vk.na-ekb/releases/20250910133518 && ln -snf \"../../storage\" \"./storage\"" [] []
[2025-09-10T13:35:47.311348+00:00] magephp.DEBUG:  [] []
[2025-09-10T13:35:47.311637+00:00] magephp.DEBUG: Task [FS] Link "../../storage" to "./storage" (fs/link) finished with OK [] []
[2025-09-10T13:35:47.311814+00:00] magephp.DEBUG: Running task [FS] Copy "../../.env" to "./.env" (fs/copy) [] []
[2025-09-10T13:35:47.311939+00:00] magephp.INFO: ssh -p 22 -q -o UserKnownHostsFile=/dev/null -o StrictHostKeyChecking=no design24_niko@design24.beget.tech "cd /home/d/design24/vk.na-ekb/releases/20250910133518 && cp -p \"../../.env\" \"./.env\"" [] []
[2025-09-10T13:35:48.741165+00:00] magephp.DEBUG:  [] []
[2025-09-10T13:35:48.741471+00:00] magephp.DEBUG: Task [FS] Copy "../../.env" to "./.env" (fs/copy) finished with OK [] []
[2025-09-10T13:35:48.741585+00:00] magephp.DEBUG: Running task [FS] Copy "../../robots.txt" to "./robots.txt" (fs/copy) [] []
[2025-09-10T13:35:48.741716+00:00] magephp.INFO: ssh -p 22 -q -o UserKnownHostsFile=/dev/null -o StrictHostKeyChecking=no design24_niko@design24.beget.tech "cd /home/d/design24/vk.na-ekb/releases/20250910133518 && cp -p \"../../robots.txt\" \"./robots.txt\"" [] []
[2025-09-10T13:35:50.161923+00:00] magephp.DEBUG:  [] []
[2025-09-10T13:35:50.162220+00:00] magephp.DEBUG: Task [FS] Copy "../../robots.txt" to "./robots.txt" (fs/copy) finished with OK [] []
[2025-09-10T13:35:50.162353+00:00] magephp.DEBUG: Running task [Exec] Clear Laravel Optimize (exec) [] []
[2025-09-10T13:35:50.162439+00:00] magephp.INFO: ssh -p 22 -q -o UserKnownHostsFile=/dev/null -o StrictHostKeyChecking=no design24_niko@design24.beget.tech "cd /home/d/design24/vk.na-ekb/releases/20250910133518 && php8.2 artisan optimize:clear" [] []
[2025-09-10T13:35:51.959756+00:00] magephp.DEBUG:     INFO  Clearing cached bootstrap files.      events ............................................................ 1ms DONE   views ............................................................. 7ms DONE   cache ............................................................ 37ms DONE   route ............................................................. 1ms DONE   config ............................................................ 1ms DONE   compiled .......................................................... 1ms DONE   [] []
[2025-09-10T13:35:51.960001+00:00] magephp.DEBUG: Task [Exec] Clear Laravel Optimize (exec) finished with OK [] []
[2025-09-10T13:35:51.960116+00:00] magephp.DEBUG: Running task [Exec] Composer install (exec) [] []
[2025-09-10T13:35:51.960215+00:00] magephp.INFO: ssh -p 22 -q -o UserKnownHostsFile=/dev/null -o StrictHostKeyChecking=no design24_niko@design24.beget.tech "cd /home/d/design24/vk.na-ekb/releases/20250910133518 && /usr/local/bin/php8.2 /home/d/design24/.local/bin/composer install --no-interaction --no-dev --prefer-dist --optimize-autoloader" [] []
[2025-09-10T13:36:06.743582+00:00] magephp.DEBUG:     INFO  Discovering packages.      bensampo/laravel-enum ................................................. DONE   laravel/sail .......................................................... DONE   laravel/tinker ........................................................ DONE   nesbot/carbon ......................................................... DONE   nunomaduro/termwind ................................................... DONE   october/rain .......................................................... DONE   sentry/sentry-laravel ................................................. DONE   [] []
[2025-09-10T13:36:06.744188+00:00] magephp.DEBUG: Task [Exec] Composer install (exec) finished with OK [] []
[2025-09-10T13:36:06.744700+00:00] magephp.DEBUG: Running task [Release] Creating Symlink (deploy/release) [] []
[2025-09-10T13:36:06.744806+00:00] magephp.INFO: ssh -p 22 -q -o UserKnownHostsFile=/dev/null -o StrictHostKeyChecking=no design24_niko@design24.beget.tech "cd /home/d/design24/vk.na-ekb && ln -snf releases/20250910133518 current" [] []
[2025-09-10T13:36:08.172621+00:00] magephp.DEBUG:  [] []
[2025-09-10T13:36:08.172972+00:00] magephp.DEBUG: Task [Release] Creating Symlink (deploy/release) finished with OK [] []
[2025-09-10T13:36:08.173595+00:00] magephp.DEBUG: Running task [Release] Cleaning up old Releases (deploy/release/cleanup) [] []
[2025-09-10T13:36:08.173716+00:00] magephp.INFO: ssh -p 22 -q -o UserKnownHostsFile=/dev/null -o StrictHostKeyChecking=no design24_niko@design24.beget.tech "ls -1 /home/d/design24/vk.na-ekb/releases" [] []
[2025-09-10T13:36:09.610167+00:00] magephp.DEBUG: 20250906101841 20250906102013 20250906104327 20250910133518  [] []
[2025-09-10T13:36:09.610875+00:00] magephp.INFO: ssh -p 22 -q -o UserKnownHostsFile=/dev/null -o StrictHostKeyChecking=no design24_niko@design24.beget.tech "rm -rf /home/d/design24/vk.na-ekb/releases/20250906101841" [] []
[2025-09-10T13:36:11.561299+00:00] magephp.DEBUG:  [] []
[2025-09-10T13:36:11.561664+00:00] magephp.DEBUG: Task [Release] Cleaning up old Releases (deploy/release/cleanup) finished with OK [] []
[2025-09-10T13:36:11.561771+00:00] magephp.DEBUG: Running task [Exec] Optimize Laravel (exec) [] []
[2025-09-10T13:36:11.561957+00:00] magephp.INFO: ssh -p 22 -q -o UserKnownHostsFile=/dev/null -o StrictHostKeyChecking=no design24_niko@design24.beget.tech "cd /home/d/design24/vk.na-ekb/releases/20250910133518 && php8.2 artisan optimize" [] []
[2025-09-10T13:36:13.639727+00:00] magephp.DEBUG:     INFO  Caching the framework bootstrap files.      config ........................................................... 23ms DONE   routes ........................................................... 22ms DONE   [] []
[2025-09-10T13:36:13.640970+00:00] magephp.DEBUG: Task [Exec] Optimize Laravel (exec) finished with OK [] []
[2025-09-10T13:36:13.641194+00:00] magephp.DEBUG: Running task [Exec] Migrate DB (exec) [] []
[2025-09-10T13:36:13.641476+00:00] magephp.INFO: ssh -p 22 -q -o UserKnownHostsFile=/dev/null -o StrictHostKeyChecking=no design24_niko@design24.beget.tech "cd /home/d/design24/vk.na-ekb/releases/20250910133518 && php8.2 artisan october:migrate" [] []
[2025-09-10T13:36:16.293839+00:00] magephp.DEBUG: Migrating Application and Plugins OFFLINE.Sentry - v3.1.1 Fixed plugin description (thanks to @vojtasvoboda) OFFLINE.Vite - v2.1.0 Fixed support for Ocober 4 - v2.1.1 Optimized PHP version compatibility Vdlp.Redirect - v1.0.0 Transfer vendor ownership. Adrenth.Redirect -> Vdlp.Redirect - v1.1.0 Redirect rules are now being cached (if caching enabled) -- See: https://github.com/vdlp/oc-redirect-plugin/issues/1 - v1.2.0 Add extra filters to the Redirects overview -- See: https://github.com/vdlp/oc-redirect-plugin/pull/5 - v1.3.0 Add support for ignoring query parameters -- See: https://github.com/vdlp/oc-redirect-plugin/issues/6 - v1.4.0 Code dusting and improvements to the redirect list view - v1.4.1 Add extra statistics database index to improve performance - v1.4.2 Add extra statistics database index to improve performance (Statistics dashboard) - v1.4.3 Fix thrown BindingResolutionException on redirecting - v1.4.4 Fixes a redirect loop bug which might occur after renaming content pages - v1.4.5 Fixes critical issue with ignoring query parameters - v1.5.0 Bugfixes and added more extensibility support -- See: https://github.com/vdlp/oc-redirect-plugin/releases/tag/1.5.0 - v1.6.0 Minor UI additions and added new Match Type: Regular Expressions! -- See: https://github.com/vdlp/oc-redirect-plugin/releases/tag/1.6.0 - v1.7.0 Bugfixes and code improvements -- See: https://github.com/vdlp/oc-redirect-plugin/releases/tag/1.7.0 - v1.8.0 Add CLI command for publishing redirects -- See: https://github.com/vdlp/oc-redirect-plugin/releases/tag/1.8.0 - v1.8.1 Fix critical issue regarding regular expression redirects - v1.9.0 Add setting for enabling/disabling automatic creation of redirects -- See: https://github.com/vdlp/oc-redirect-plugin/releases/tag/1.9.0 - v1.10.0 Improve statistics performance -- See: https://github.com/vdlp/oc-redirect-plugin/releases/tag/1.10.0 - v1.10.1 This fixes an issue where redirects will fail to work when the redirects.csv file does not have the write permission -- See: https://github.com/vdlp/oc-redirect-plugin/releases/tag/1.10.1 - v1.10.2 Fixes a fatal error when running TestLab -- See: https://github.com/vdlp/oc-redirect-plugin/releases/tag/1.10.2 - v1.10.3 Fix support for Postgres -- See: https://github.com/vdlp/oc-redirect-plugin/releases/tag/1.10.3 - v1.10.4 Fixes reported issues #41 and #43 -- See: https://github.com/vdlp/oc-redirect-plugin/releases/tag/1.10.4 - v1.10.5 Fixes reported issues #46 and #49 -- See: https://github.com/vdlp/oc-redirect-plugin/releases/tag/1.10.5 - v2.0.0 Supports PHP 7.1.3 and higher. Read CHANGELOG.md -- See: https://github.com/vdlp/oc-redirect-plugin/releases/tag/2.0.0 - v2.0.1 Fix Middleware not being invoked in newer PHP versions -- See: https://github.com/vdlp/oc-redirect-plugin/releases/tag/2.0.1 - v2.0.2 Minor database and configuration fixes -- See: https://github.com/vdlp/oc-redirect-plugin/releases/tag/2.0.2 - v2.1.0 Added support for October CMS L6 build, improved caching and more -- See: https://github.com/vdlp/oc-redirect-plugin/releases/tag/2.1.0 - v2.1.1 Update CHANGELOG - v2.2.0 Add cache control header and UI improvements -- See: https://github.com/vdlp/oc-redirect-plugin/releases/tag/2.2.0 - v2.3.0 Add new redirect options (ignore case and ignore trailing slash) -- See: https://github.com/vdlp/oc-redirect-plugin/releases/tag/2.3.0 - v2.3.1 Fix SQLSTATE[42S22] error when installing plugin -- See: https://github.com/vdlp/oc-redirect-plugin/releases/tag/2.3.1 - v2.3.2 Improve error handling in plugin migration process -- See: https://github.com/vdlp/oc-redirect-plugin/releases/tag/2.3.2 - v2.4.0 Skip requests with header 'X-Requested-With: XMLHttpRequest' -- See: https://github.com/vdlp/oc-redirect-plugin/releases/tag/2.4.0 - v2.4.1 Add Redirect Extensions promo page -- See: https://github.com/vdlp/oc-redirect-plugin/releases/tag/2.4.1 - v2.5.0 Add support for using relative paths -- See: https://github.com/vdlp/oc-redirect-plugin/releases/tag/2.5.0 - v2.5.1 Fixes issues with redirect rules file not being present -- See: https://github.com/vdlp/oc-redirect-plugin/releases/tag/2.5.1 - v2.5.2 Fix bug that causes re-writing the redirect rules file when hits are updated -- See: https://github.com/vdlp/oc-redirect-plugin/releases/tag/2.5.2 - v2.5.3 Improve / fixes redirect rule caching -- See: https://github.com/vdlp/oc-redirect-plugin/releases/tag/2.5.3 - v2.5.4 Add support for symfony/stopwatch:^5.0 (version 4.0 is still supported) -- See: https://github.com/vdlp/oc-redirect-plugin/releases/tag/2.5.4 - v2.5.5 Suppress logging when redirect rules file is empty -- See: https://github.com/vdlp/oc-redirect-plugin/releases/tag/2.5.5 - v2.5.6 Prevent connection exception when accessing settings in CLI mode -- See: https://github.com/vdlp/oc-redirect-plugin/releases/tag/2.5.6 - v2.5.7 Improve redirect caching management -- See: https://github.com/vdlp/oc-redirect-plugin/releases/tag/2.5.7 - v2.5.8 Improve redirect caching management (revised) -- See: https://github.com/vdlp/oc-redirect-plugin/releases/tag/2.5.8 - v2.5.9 Fix import in Plugin file - v2.5.10 Add PHP 8.0 version constraint and composer/installers package - v2.5.11 Minor fixes -- See: https://github.com/vdlp/oc-redirect-plugin/releases/tag/2.5.11 - v2.5.12 Fix strpos() type error - v2.5.13 Fix database error when cache is being cleared before installation of plugin. - v2.6.0 Update plugin dependencies. - v3.0.0 Drop support for October CMS 1.1 and lower. See: https://github.com/vdlp/oc-redirect-plugin/releases/tag/3.0.0 - v3.0.1 Add support for regular expression matches in target path. - v3.0.2 Change version constraint for composer/installers. - v3.0.3 Update plugin dependencies - v3.0.4 Improved compatibility/extensibility with other Plugins. - v3.0.5 Lock to October CMS version 2.x. Support for October CMS 3 will be added in v3.1.0. - v3.1.0 Add support for October CMS 3.x. Drop support for October CMS 2.x. - v3.1.1 Add description column to Redirects overview. - v3.1.2 Fix daily stats labels when selecting month/year. - v3.1.3 Maintenance release - v3.1.4 Fix target field not loading properly. See: https://github.com/vdlp/oc-redirect-plugin/releases/tag/3.1.4 - v3.1.5 Minor improvements. See: https://github.com/vdlp/oc-redirect-plugin/releases/tag/3.1.5 - v3.1.6 Add support for October CMS 3.3. - v3.1.7 Remove use of old BrandSetting constants. - v3.1.8 Add German translation. - v3.1.9 Added environment variables for manipulating the navigation. - v3.1.10 Fixed backend filtering for MySQL >= 8.0.3. - v3.1.11 Add option to keep query string when redirecting. Vdlp.Sitemap - v2.4.0 See CHANGELOG.md for details Migrating Content Tables Nothing to migrate.  [] []
[2025-09-10T13:36:16.294192+00:00] magephp.DEBUG: Task [Exec] Migrate DB (exec) finished with OK [] []
[2025-09-10T13:36:16.294525+00:00] magephp.DEBUG: Running task [FS] Remove "../../public_html" (fs/remove) [] []
[2025-09-10T13:36:16.294616+00:00] magephp.INFO: ssh -p 22 -q -o UserKnownHostsFile=/dev/null -o StrictHostKeyChecking=no design24_niko@design24.beget.tech "cd /home/d/design24/vk.na-ekb/releases/20250910133518 && rm -rf \"../../public_html\"" [] []
[2025-09-10T13:36:17.926016+00:00] magephp.DEBUG:  [] []
[2025-09-10T13:36:17.926295+00:00] magephp.DEBUG: Task [FS] Remove "../../public_html" (fs/remove) finished with OK [] []
[2025-09-10T13:36:17.926437+00:00] magephp.DEBUG: Running task [FS] Link "./current" to "../../public_html" (fs/link) [] []
[2025-09-10T13:36:17.926536+00:00] magephp.INFO: ssh -p 22 -q -o UserKnownHostsFile=/dev/null -o StrictHostKeyChecking=no design24_niko@design24.beget.tech "cd /home/d/design24/vk.na-ekb/releases/20250910133518 && ln -snf \"./current\" \"../../public_html\"" [] []
[2025-09-10T13:36:19.385039+00:00] magephp.DEBUG:  [] []
[2025-09-10T13:36:19.385296+00:00] magephp.DEBUG: Task [FS] Link "./current" to "../../public_html" (fs/link) finished with OK [] []
[2025-09-10T13:36:19.385704+00:00] magephp.DEBUG: Running task [Deploy] Cleanup Tar file (deploy/tar/cleanup) [] []
[2025-09-10T13:36:19.385789+00:00] magephp.INFO: rm /private/var/folders/xn/_15sld4n1r38v6xc7hstd0sw0000gn/T/magerifiss2eq3tm1QTfLqp [] []
[2025-09-10T13:36:19.463015+00:00] magephp.DEBUG:  [] []
[2025-09-10T13:36:19.463157+00:00] magephp.DEBUG: Task [Deploy] Cleanup Tar file (deploy/tar/cleanup) finished with OK [] []
